companion/android/MeoCompanion/app/build/intermediates/manifest_merge_blame_file/debug/manifest-merger-blame-debug-report.txt
1<?xml version="1.0" encoding="utf-8"?>
2<manifest xmlns:android="http://schemas.android.com/apk/res/android"
3    package="com.meobrowser.companion"
4    android:versionCode="1"
5    android:versionName="0.1.0" >
6
7    <uses-sdk
8        android:minSdkVersion="26"
9        android:targetSdkVersion="34" />
10
11    <uses-permission android:name="android.permission.INTERNET" />
11-->src/main/AndroidManifest.xml:4:5-67
11-->src/main/AndroidManifest.xml:4:22-64
12    <uses-permission android:name="android.permission.ACCESS_NETWORK_STATE" />
12-->src/main/AndroidManifest.xml:5:5-79
12-->src/main/AndroidManifest.xml:5:22-76
13    <uses-permission android:name="android.permission.ACCESS_WIFI_STATE" />
13-->src/main/AndroidManifest.xml:6:5-76
13-->src/main/AndroidManifest.xml:6:22-73
14    <uses-permission android:name="android.permission.CHANGE_WIFI_MULTICAST_STATE" />
14-->src/main/AndroidManifest.xml:7:5-86
14-->src/main/AndroidManifest.xml:7:22-83
15    <uses-permission android:name="android.permission.RECEIVE_SMS" />
15-->src/main/AndroidManifest.xml:8:5-70
15-->src/main/AndroidManifest.xml:8:22-67
16    <uses-permission android:name="android.permission.READ_SMS" />
16-->src/main/AndroidManifest.xml:9:5-67
16-->src/main/AndroidManifest.xml:9:22-64
17    <uses-permission android:name="android.permission.POST_NOTIFICATIONS" />
17-->src/main/AndroidManifest.xml:10:5-77
17-->src/main/AndroidManifest.xml:10:22-74
18    <uses-permission android:name="android.permission.FOREGROUND_SERVICE" />
18-->src/main/AndroidManifest.xml:11:5-77
18-->src/main/AndroidManifest.xml:11:22-74
19    <uses-permission android:name="android.permission.FOREGROUND_SERVICE_DATA_SYNC" />
19-->src/main/AndroidManifest.xml:12:5-87
19-->src/main/AndroidManifest.xml:12:22-84
20    <uses-permission android:name="android.permission.REQUEST_IGNORE_BATTERY_OPTIMIZATIONS" />
20-->src/main/AndroidManifest.xml:13:5-95
20-->src/main/AndroidManifest.xml:13:22-92
21
22    <!-- Android 11+ 包可见性：部分 ROM 查 content://sms 需要能看到短信 Provider -->
23    <queries>
23-->src/main/AndroidManifest.xml:16:5-26:15
24        <package android:name="com.android.providers.telephony" />
24-->src/main/AndroidManifest.xml:17:9-67
24-->src/main/AndroidManifest.xml:17:18-64
25        <package android:name="com.google.android.apps.messaging" />
25-->src/main/AndroidManifest.xml:18:9-69
25-->src/main/AndroidManifest.xml:18:18-66
26
27        <intent>
27-->src/main/AndroidManifest.xml:19:9-22:18
28            <action android:name="android.intent.action.SENDTO" />
28-->src/main/AndroidManifest.xml:20:13-67
28-->src/main/AndroidManifest.xml:20:21-64
29
30            <data android:scheme="smsto" />
30-->src/main/AndroidManifest.xml:21:13-44
30-->src/main/AndroidManifest.xml:21:19-41
31        </intent>
32        <intent>
32-->src/main/AndroidManifest.xml:23:9-25:18
33            <action android:name="android.provider.Telephony.SMS_RECEIVED" />
33-->src/main/AndroidManifest.xml:24:13-78
33-->src/main/AndroidManifest.xml:24:21-75
34        </intent>
35    </queries>
36
37    <permission
37-->[androidx.core:core:1.12.0] AndroidManifest.xml:22:5-24:47
38        android:name="com.meobrowser.companion.DYNAMIC_RECEIVER_NOT_EXPORTED_PERMISSION"
38-->[androidx.core:core:1.12.0] AndroidManifest.xml:23:9-81
39        android:protectionLevel="signature" />
39-->[androidx.core:core:1.12.0] AndroidManifest.xml:24:9-44
40
41    <uses-permission android:name="com.meobrowser.companion.DYNAMIC_RECEIVER_NOT_EXPORTED_PERMISSION" />
41-->[androidx.core:core:1.12.0] AndroidManifest.xml:26:5-97
41-->[androidx.core:core:1.12.0] AndroidManifest.xml:26:22-94
42
43    <application
43-->src/main/AndroidManifest.xml:28:5-73:19
44        android:allowBackup="false"
44-->src/main/AndroidManifest.xml:29:9-36
45        android:appComponentFactory="androidx.core.app.CoreComponentFactory"
45-->[androidx.core:core:1.12.0] AndroidManifest.xml:28:18-86
46        android:debuggable="true"
47        android:extractNativeLibs="false"
48        android:icon="@android:drawable/ic_lock_idle_lock"
48-->src/main/AndroidManifest.xml:30:9-59
49        android:label="@string/app_name"
49-->src/main/AndroidManifest.xml:31:9-41
50        android:supportsRtl="true"
50-->src/main/AndroidManifest.xml:32:9-35
51        android:testOnly="true"
52        android:theme="@style/Theme.MeoCompanion"
52-->src/main/AndroidManifest.xml:33:9-50
53        android:usesCleartextTraffic="true" >
53-->src/main/AndroidManifest.xml:34:9-44
54        <activity
54-->src/main/AndroidManifest.xml:36:9-43:20
55            android:name="com.meobrowser.companion.ui.MainActivity"
55-->src/main/AndroidManifest.xml:37:13-44
56            android:exported="true" >
56-->src/main/AndroidManifest.xml:38:13-36
57            <intent-filter>
57-->src/main/AndroidManifest.xml:39:13-42:29
58                <action android:name="android.intent.action.MAIN" />
58-->src/main/AndroidManifest.xml:40:17-69
58-->src/main/AndroidManifest.xml:40:25-66
59
60                <category android:name="android.intent.category.LAUNCHER" />
60-->src/main/AndroidManifest.xml:41:17-77
60-->src/main/AndroidManifest.xml:41:27-74
61            </intent-filter>
62        </activity>
63        <activity
63-->src/main/AndroidManifest.xml:45:9-48:36
64            android:name="com.meobrowser.companion.ui.SetupWizardActivity"
64-->src/main/AndroidManifest.xml:46:13-51
65            android:exported="false"
65-->src/main/AndroidManifest.xml:47:13-37
66            android:label="设置向导" />
66-->src/main/AndroidManifest.xml:48:13-33
67
68        <service
68-->src/main/AndroidManifest.xml:50:9-53:56
69            android:name="com.meobrowser.companion.channel.CompanionConnectionService"
69-->src/main/AndroidManifest.xml:51:13-63
70            android:exported="false"
70-->src/main/AndroidManifest.xml:52:13-37
71            android:foregroundServiceType="dataSync" />
71-->src/main/AndroidManifest.xml:53:13-53
72        <service
72-->src/main/AndroidManifest.xml:55:9-63:19
73            android:name="com.meobrowser.companion.sms.OtpNotificationListener"
73-->src/main/AndroidManifest.xml:56:13-56
74            android:exported="true"
74-->src/main/AndroidManifest.xml:57:13-36
75            android:label="Meo 验证码通知监听"
75-->src/main/AndroidManifest.xml:58:13-40
76            android:permission="android.permission.BIND_NOTIFICATION_LISTENER_SERVICE" >
76-->src/main/AndroidManifest.xml:59:13-87
77            <intent-filter>
77-->src/main/AndroidManifest.xml:60:13-62:29
78                <action android:name="android.service.notification.NotificationListenerService" />
78-->src/main/AndroidManifest.xml:61:17-99
78-->src/main/AndroidManifest.xml:61:25-96
79            </intent-filter>
80        </service>
81
82        <receiver
82-->src/main/AndroidManifest.xml:65:9-72:20
83            android:name="com.meobrowser.companion.sms.SmsOtpReceiver"
83-->src/main/AndroidManifest.xml:66:13-47
84            android:exported="true"
84-->src/main/AndroidManifest.xml:67:13-36
85            android:permission="android.permission.BROADCAST_SMS" >
85-->src/main/AndroidManifest.xml:68:13-66
86            <intent-filter android:priority="2147483647" >
86-->src/main/AndroidManifest.xml:69:13-71:29
86-->src/main/AndroidManifest.xml:69:28-57
87                <action android:name="android.provider.Telephony.SMS_RECEIVED" />
87-->src/main/AndroidManifest.xml:24:13-78
87-->src/main/AndroidManifest.xml:24:21-75
88            </intent-filter>
89        </receiver>
90
91        <provider
91-->[androidx.emoji2:emoji2:1.2.0] AndroidManifest.xml:24:9-32:20
92            android:name="androidx.startup.InitializationProvider"
92-->[androidx.emoji2:emoji2:1.2.0] AndroidManifest.xml:25:13-67
93            android:authorities="com.meobrowser.companion.androidx-startup"
93-->[androidx.emoji2:emoji2:1.2.0] AndroidManifest.xml:26:13-68
94            android:exported="false" >
94-->[androidx.emoji2:emoji2:1.2.0] AndroidManifest.xml:27:13-37
95            <meta-data
95-->[androidx.emoji2:emoji2:1.2.0] AndroidManifest.xml:29:13-31:52
96                android:name="androidx.emoji2.text.EmojiCompatInitializer"
96-->[androidx.emoji2:emoji2:1.2.0] AndroidManifest.xml:30:17-75
97                android:value="androidx.startup" />
97-->[androidx.emoji2:emoji2:1.2.0] AndroidManifest.xml:31:17-49
98            <meta-data
98-->[androidx.lifecycle:lifecycle-process:2.6.1] AndroidManifest.xml:29:13-31:52
99                android:name="androidx.lifecycle.ProcessLifecycleInitializer"
99-->[androidx.lifecycle:lifecycle-process:2.6.1] AndroidManifest.xml:30:17-78
100                android:value="androidx.startup" />
100-->[androidx.lifecycle:lifecycle-process:2.6.1] AndroidManifest.xml:31:17-49
101            <meta-data
101-->[androidx.profileinstaller:profileinstaller:1.3.0] AndroidManifest.xml:29:13-31:52
102                android:name="androidx.profileinstaller.ProfileInstallerInitializer"
102-->[androidx.profileinstaller:profileinstaller:1.3.0] AndroidManifest.xml:30:17-85
103                android:value="androidx.startup" />
103-->[androidx.profileinstaller:profileinstaller:1.3.0] AndroidManifest.xml:31:17-49
104        </provider>
105
106        <receiver
106-->[androidx.profileinstaller:profileinstaller:1.3.0] AndroidManifest.xml:34:9-52:20
107            android:name="androidx.profileinstaller.ProfileInstallReceiver"
107-->[androidx.profileinstaller:profileinstaller:1.3.0] AndroidManifest.xml:35:13-76
108            android:directBootAware="false"
108-->[androidx.profileinstaller:profileinstaller:1.3.0] AndroidManifest.xml:36:13-44
109            android:enabled="true"
109-->[androidx.profileinstaller:profileinstaller:1.3.0] AndroidManifest.xml:37:13-35
110            android:exported="true"
110-->[androidx.profileinstaller:profileinstaller:1.3.0] AndroidManifest.xml:38:13-36
111            android:permission="android.permission.DUMP" >
111-->[androidx.profileinstaller:profileinstaller:1.3.0] AndroidManifest.xml:39:13-57
112            <intent-filter>
112-->[androidx.profileinstaller:profileinstaller:1.3.0] AndroidManifest.xml:40:13-42:29
113                <action android:name="androidx.profileinstaller.action.INSTALL_PROFILE" />
113-->[androidx.profileinstaller:profileinstaller:1.3.0] AndroidManifest.xml:41:17-91
113-->[androidx.profileinstaller:profileinstaller:1.3.0] AndroidManifest.xml:41:25-88
114            </intent-filter>
115            <intent-filter>
115-->[androidx.profileinstaller:profileinstaller:1.3.0] AndroidManifest.xml:43:13-45:29
116                <action android:name="androidx.profileinstaller.action.SKIP_FILE" />
116-->[androidx.profileinstaller:profileinstaller:1.3.0] AndroidManifest.xml:44:17-85
116-->[androidx.profileinstaller:profileinstaller:1.3.0] AndroidManifest.xml:44:25-82
117            </intent-filter>
118            <intent-filter>
118-->[androidx.profileinstaller:profileinstaller:1.3.0] AndroidManifest.xml:46:13-48:29
119                <action android:name="androidx.profileinstaller.action.SAVE_PROFILE" />
119-->[androidx.profileinstaller:profileinstaller:1.3.0] AndroidManifest.xml:47:17-88
119-->[androidx.profileinstaller:profileinstaller:1.3.0] AndroidManifest.xml:47:25-85
120            </intent-filter>
121            <intent-filter>
121-->[androidx.profileinstaller:profileinstaller:1.3.0] AndroidManifest.xml:49:13-51:29
122                <action android:name="androidx.profileinstaller.action.BENCHMARK_OPERATION" />
122-->[androidx.profileinstaller:profileinstaller:1.3.0] AndroidManifest.xml:50:17-95
122-->[androidx.profileinstaller:profileinstaller:1.3.0] AndroidManifest.xml:50:25-92
123            </intent-filter>
124        </receiver>
125    </application>
126
127</manifest>